I-AliRoot::main: Set stack size from 7 to 8 MB
   ------------------------------------------------------------------
  | Welcome to ROOT 6.26/04                        https://root.cern |
  | (c) 1995-2021, The ROOT Team; conception: R. Brun, F. Rademakers |
  | Built for macosxarm64 on Sep 22 2022, 12:25:00                   |
  | From tags/v6-26-04-patches-alice1@v6-26-02-71-g492a133770        |
  | With Apple clang version 13.0.0 (clang-1300.0.29.30)             |
  | Try '.help', '.demo', '.license', '.credits', '.quit'/'.q'       |
   ------------------------------------------------------------------


Processing /Users/david/alice/sw/osx_arm64/AliDPG/master-local2/MC/sim.C...
>>>>> Load FOCAL libs 
I-AliQAManager::Init: AliEn classes enabled in Root. AliCDBGrid factory registered.
>>>>> sim.C: No align data from CDB when running FOCAL !!!!!!!!!!!!!!! 
>>>>> SimulationConfig: NoDigitization 
I-AliCDBManager::Init: AliEn classes enabled in Root. AliCDBGrid factory registered.
I-AliCDBManager::SetSnapshotMode: The CDB manager is set in snapshot mode!
ALIEN_PACKAGES and ALIEN_JDL_PACKAGES not defined
  --> Cannot check AliPhysics version
I-AliSimulation::SetRunQA: No QA requested

I-AliSimulation::ProcessEnvironmentVars: Processing environment variables
I-AliSimulation::ProcessEnvironmentVars: Seed for random number generation = 500076523 
I-AliSimulation::ProcessEnvironmentVars: Run number = 294925
I-AliSimulation::Run: fRunHLT is set to "", no attempt to extract HLT mode from GRP will be done
W-AliSimulation::InitCDB: !!!!!!!!!!!!!!!!!!!!!!!!!!!!!!!!!!!!!!!!!!!!!!!!!!!!!
W-AliSimulation::InitCDB: Default CDB storage has been already set !
W-AliSimulation::InitCDB: Ignoring the default storage declared in AliSimulation: 
W-AliSimulation::InitCDB: !!!!!!!!!!!!!!!!!!!!!!!!!!!!!!!!!!!!!!!!!!!!!!!!!!!!!
I-AliCDBLocal::QueryCDB: Querying files valid for run 294925 and path "*" into CDB storage  "local:///Users/david/alice/FOCAL_analysis/local_simulations/"
I-AliCDBLocal::QueryCDB: 0 valid files found!
I-AliCDBManager::Print: Run number = 294925; Cache is ACTIVE; Number of active storages: 1
	*** Default Storage URI: "local:///Users/david/alice/FOCAL_analysis/local_simulations/"

I-AliSimulation::RunSimulation: initializing gAlice with config file $ALIDPG_ROOT/MC/Config.C
     ****************************************************************
     *                                                              *
     *    You are running AliRoot version NewIO
     *    The SVN version for the current program is $Id$
     *                                                              *
     ****************************************************************
I-AliCDBManager::Get: Object "GRP/GRP/Data" retrieved from the snapshot.
I-AliGRPManager::ReadGRPEntry: Found an AliGRPObject in GRP/GRP/Data, reading it
I-AliMagF::Print: MagneticFieldMap:L3: +30000 Dip: +5999 kA;  | Polarities in LHC convention
I-AliMagF::Print: Solenoid (+1.00*)5 kG, Dipole ON (+1.00) 
I-AliMagF::Print: Machine B fields for p-p beam (6499 GeV): QGrad: 20.4256 Dipole: 35.1671
I-AliMagF::Print: Uses Sol30_Dip6_Hole of $(ALICE_ROOT)/data/maps/mfchebKGI_sym.root
I-TGeoGlobalMagField::SetField: Global magnetic field set to <MagneticFieldMap>
I-TGeoGlobalMagField::Lock: Global magnetic field <MagneticFieldMap> is now locked
I-AliGRPManager::SetMagField: Running with the B field constructed out of GRP !
I-AliSimulation::RunSimulation: Field is locked now. It cannot be changed in Config.C
In file included from G__AliStarLight dictionary payload:17:
In file included from /Users/david/alice/sw/SOURCES/AliRoot/0_O2/0/STARLIGHT/starlight/TStarLight/TStarLight.h:36:
In file included from /Users/david/alice/sw/osx_arm64/AliRoot/0_O2-local1/include/starlight.h:41:
In file included from /Users/david/alice/sw/osx_arm64/AliRoot/0_O2-local1/include/eventchannel.h:41:
In file included from /Users/david/alice/sw/osx_arm64/AliRoot/0_O2-local1/include/beambeamsystem.h:39:
/Users/david/alice/sw/osx_arm64/AliRoot/0_O2-local1/include/nucleus.h:54:35: error: non-void function 'Z' should return a value [-Wreturn-type]
        int    Z              () const { return _Z;                     }  ///< returns atomic number of nucleus
                                         ^
E-TInterpreter::AutoParse: Error parsing payload code for class AliGenStarLight with content:

#line 1 "G__AliStarLight dictionary payload"

#ifndef _MODULE_
  #define _MODULE_ "AliStarLight"
#endif
#ifndef ZMQ
  #define ZMQ 1
#endif
#ifndef WITHXML
  #define WITHXML 1
#endif
#ifndef WITHALIEN
  #define WITHALIEN 1
#endif

#define _BACKWARD_BACKWARD_WARNING_H
// Inline headers
#include "/Users/david/alice/sw/SOURCES/AliRoot/0_O2/0/STARLIGHT/starlight/TStarLight/TStarLight.h"
#include "AliGenStarLight.h"
#include "AliDecayerSLEvtGen.h"
#include "AliGenSLEvtGen.h"
#include "AliSLEventHeader.h"

#undef  _BACKWARD_BACKWARD_WARNING_H

In file included from input_line_105:1:
In file included from /Users/david/alice/sw/osx_arm64/AliDPG/master-local2/MC/Config.C:52:
/Users/david/alice/sw/osx_arm64/AliDPG/master-local2/MC/GeneratorConfig.C:1375:39: error: allocation of incomplete type 'AliGenStarLight'
  AliGenStarLight* genStarLight = new AliGenStarLight(1000*1000);
                                      ^~~~~~~~~~~~~~~
G__AliStarLight dictionary forward declarations' payload:14:70: note: forward declaration of 'AliGenStarLight'
class __attribute__((annotate("$clingAutoload$AliGenStarLight.h")))  AliGenStarLight;
                                                                     ^
In file included from input_line_105:1:
In file included from /Users/david/alice/sw/osx_arm64/AliDPG/master-local2/MC/Config.C:52:
/Users/david/alice/sw/osx_arm64/AliDPG/master-local2/MC/GeneratorConfig.C:1376:15: error: member access into incomplete type 'AliGenStarLight'
  genStarLight->SetParameter(Form("BEAM_1_Z     =    %3i    #Z of target",targZ));
              ^
G__AliStarLight dictionary forward declarations' payload:14:70: note: forward declaration of 'AliGenStarLight'
class __attribute__((annotate("$clingAutoload$AliGenStarLight.h")))  AliGenStarLight;
                                                                     ^
In file included from input_line_105:1:
In file included from /Users/david/alice/sw/osx_arm64/AliDPG/master-local2/MC/Config.C:52:
/Users/david/alice/sw/osx_arm64/AliDPG/master-local2/MC/GeneratorConfig.C:1377:15: error: member access into incomplete type 'AliGenStarLight'
  genStarLight->SetParameter(Form("BEAM_1_A     =    %3i    #A of target",targA));
              ^
G__AliStarLight dictionary forward declarations' payload:14:70: note: forward declaration of 'AliGenStarLight'
class __attribute__((annotate("$clingAutoload$AliGenStarLight.h")))  AliGenStarLight;
                                                                     ^
In file included from input_line_105:1:
In file included from /Users/david/alice/sw/osx_arm64/AliDPG/master-local2/MC/Config.C:52:
/Users/david/alice/sw/osx_arm64/AliDPG/master-local2/MC/GeneratorConfig.C:1378:15: error: member access into incomplete type 'AliGenStarLight'
  genStarLight->SetParameter(Form("BEAM_2_Z     =    %3i    #Z of projectile",projZ));
              ^
G__AliStarLight dictionary forward declarations' payload:14:70: note: forward declaration of 'AliGenStarLight'
class __attribute__((annotate("$clingAutoload$AliGenStarLight.h")))  AliGenStarLight;
                                                                     ^
In file included from input_line_105:1:
In file included from /Users/david/alice/sw/osx_arm64/AliDPG/master-local2/MC/Config.C:52:
/Users/david/alice/sw/osx_arm64/AliDPG/master-local2/MC/GeneratorConfig.C:1379:15: error: member access into incomplete type 'AliGenStarLight'
  genStarLight->SetParameter(Form("BEAM_2_A     =    %3i    #A of projectile",projA));
              ^
G__AliStarLight dictionary forward declarations' payload:14:70: note: forward declaration of 'AliGenStarLight'
class __attribute__((annotate("$clingAutoload$AliGenStarLight.h")))  AliGenStarLight;
                                                                     ^
In file included from input_line_105:1:
In file included from /Users/david/alice/sw/osx_arm64/AliDPG/master-local2/MC/Config.C:52:
/Users/david/alice/sw/osx_arm64/AliDPG/master-local2/MC/GeneratorConfig.C:1380:15: error: member access into incomplete type 'AliGenStarLight'
  genStarLight->SetParameter(Form("BEAM_1_GAMMA = %6.1f    #Gamma of the target",gamma1));
              ^
G__AliStarLight dictionary forward declarations' payload:14:70: note: forward declaration of 'AliGenStarLight'
class __attribute__((annotate("$clingAutoload$AliGenStarLight.h")))  AliGenStarLight;
                                                                     ^
In file included from input_line_105:1:
In file included from /Users/david/alice/sw/osx_arm64/AliDPG/master-local2/MC/Config.C:52:
/Users/david/alice/sw/osx_arm64/AliDPG/master-local2/MC/GeneratorConfig.C:1381:15: error: member access into incomplete type 'AliGenStarLight'
  genStarLight->SetParameter(Form("BEAM_2_GAMMA = %6.1f    #Gamma of the projectile",gamma2));
              ^
G__AliStarLight dictionary forward declarations' payload:14:70: note: forward declaration of 'AliGenStarLight'
class __attribute__((annotate("$clingAutoload$AliGenStarLight.h")))  AliGenStarLight;
                                                                     ^
In file included from input_line_105:1:
In file included from /Users/david/alice/sw/osx_arm64/AliDPG/master-local2/MC/Config.C:52:
/Users/david/alice/sw/osx_arm64/AliDPG/master-local2/MC/GeneratorConfig.C:1382:15: error: member access into incomplete type 'AliGenStarLight'
  genStarLight->SetParameter(Form("W_MAX        =   %.1f    #Max value of w",slConfig[idx].wmax));
              ^
G__AliStarLight dictionary forward declarations' payload:14:70: note: forward declaration of 'AliGenStarLight'
class __attribute__((annotate("$clingAutoload$AliGenStarLight.h")))  AliGenStarLight;
                                                                     ^
In file included from input_line_105:1:
In file included from /Users/david/alice/sw/osx_arm64/AliDPG/master-local2/MC/Config.C:52:
/Users/david/alice/sw/osx_arm64/AliDPG/master-local2/MC/GeneratorConfig.C:1383:15: error: member access into incomplete type 'AliGenStarLight'
  genStarLight->SetParameter(Form("W_MIN        =   %.1f    #Min value of w",slConfig[idx].wmin));
              ^
G__AliStarLight dictionary forward declarations' payload:14:70: note: forward declaration of 'AliGenStarLight'
class __attribute__((annotate("$clingAutoload$AliGenStarLight.h")))  AliGenStarLight;
                                                                     ^
In file included from input_line_105:1:
In file included from /Users/david/alice/sw/osx_arm64/AliDPG/master-local2/MC/Config.C:52:
/Users/david/alice/sw/osx_arm64/AliDPG/master-local2/MC/GeneratorConfig.C:1384:15: error: member access into incomplete type 'AliGenStarLight'
  genStarLight->SetParameter(Form("W_N_BINS     =    %3i    #Bins i w",slConfig[idx].nwbins));
              ^
G__AliStarLight dictionary forward declarations' payload:14:70: note: forward declaration of 'AliGenStarLight'
class __attribute__((annotate("$clingAutoload$AliGenStarLight.h")))  AliGenStarLight;
                                                                     ^
In file included from input_line_105:1:
In file included from /Users/david/alice/sw/osx_arm64/AliDPG/master-local2/MC/Config.C:52:
/Users/david/alice/sw/osx_arm64/AliDPG/master-local2/MC/GeneratorConfig.C:1385:15: error: member access into incomplete type 'AliGenStarLight'
  genStarLight->SetParameter(Form("RAP_MAX      =   %.2f    #max y",rapMax));
              ^
G__AliStarLight dictionary forward declarations' payload:14:70: note: forward declaration of 'AliGenStarLight'
class __attribute__((annotate("$clingAutoload$AliGenStarLight.h")))  AliGenStarLight;
                                                                     ^
In file included from input_line_105:1:
In file included from /Users/david/alice/sw/osx_arm64/AliDPG/master-local2/MC/Config.C:52:
/Users/david/alice/sw/osx_arm64/AliDPG/master-local2/MC/GeneratorConfig.C:1386:15: error: member access into incomplete type 'AliGenStarLight'
  genStarLight->SetParameter(Form("RAP_N_BINS   =   %.0f    #Bins i y",rapMax*2./slConfig[idx].dy));
              ^
G__AliStarLight dictionary forward declarations' payload:14:70: note: forward declaration of 'AliGenStarLight'
class __attribute__((annotate("$clingAutoload$AliGenStarLight.h")))  AliGenStarLight;
                                                                     ^
In file included from input_line_105:1:
In file included from /Users/david/alice/sw/osx_arm64/AliDPG/master-local2/MC/Config.C:52:
/Users/david/alice/sw/osx_arm64/AliDPG/master-local2/MC/GeneratorConfig.C:1387:15: error: member access into incomplete type 'AliGenStarLight'
  genStarLight->SetParameter("CUT_PT       =    0    #Cut in pT? 0 = (no, 1 = yes)");
              ^
G__AliStarLight dictionary forward declarations' payload:14:70: note: forward declaration of 'AliGenStarLight'
class __attribute__((annotate("$clingAutoload$AliGenStarLight.h")))  AliGenStarLight;
                                                                     ^
In file included from input_line_105:1:
In file included from /Users/david/alice/sw/osx_arm64/AliDPG/master-local2/MC/Config.C:52:
/Users/david/alice/sw/osx_arm64/AliDPG/master-local2/MC/GeneratorConfig.C:1388:15: error: member access into incomplete type 'AliGenStarLight'
  genStarLight->SetParameter("PT_MIN       =    0    #Minimum pT in GeV");
              ^
G__AliStarLight dictionary forward declarations' payload:14:70: note: forward declaration of 'AliGenStarLight'
class __attribute__((annotate("$clingAutoload$AliGenStarLight.h")))  AliGenStarLight;
                                                                     ^
In file included from input_line_105:1:
In file included from /Users/david/alice/sw/osx_arm64/AliDPG/master-local2/MC/Config.C:52:
/Users/david/alice/sw/osx_arm64/AliDPG/master-local2/MC/GeneratorConfig.C:1389:15: error: member access into incomplete type 'AliGenStarLight'
  genStarLight->SetParameter("PT_MAX       =   10    #Maximum pT in GeV");
              ^
G__AliStarLight dictionary forward declarations' payload:14:70: note: forward declaration of 'AliGenStarLight'
class __attribute__((annotate("$clingAutoload$AliGenStarLight.h")))  AliGenStarLight;
                                                                     ^
In file included from input_line_105:1:
In file included from /Users/david/alice/sw/osx_arm64/AliDPG/master-local2/MC/Config.C:52:
/Users/david/alice/sw/osx_arm64/AliDPG/master-local2/MC/GeneratorConfig.C:1390:15: error: member access into incomplete type 'AliGenStarLight'
  genStarLight->SetParameter("CUT_ETA      =    0    #Cut in pseudorapidity? (0 = no, 1 = yes)");
              ^
G__AliStarLight dictionary forward declarations' payload:14:70: note: forward declaration of 'AliGenStarLight'
class __attribute__((annotate("$clingAutoload$AliGenStarLight.h")))  AliGenStarLight;
                                                                     ^
In file included from input_line_105:1:
In file included from /Users/david/alice/sw/osx_arm64/AliDPG/master-local2/MC/Config.C:52:
/Users/david/alice/sw/osx_arm64/AliDPG/master-local2/MC/GeneratorConfig.C:1391:15: error: member access into incomplete type 'AliGenStarLight'
  genStarLight->SetParameter("ETA_MIN      =   -5    #Minimum pseudorapidity");
              ^
G__AliStarLight dictionary forward declarations' payload:14:70: note: forward declaration of 'AliGenStarLight'
class __attribute__((annotate("$clingAutoload$AliGenStarLight.h")))  AliGenStarLight;
                                                                     ^
In file included from input_line_105:1:
In file included from /Users/david/alice/sw/osx_arm64/AliDPG/master-local2/MC/Config.C:52:
/Users/david/alice/sw/osx_arm64/AliDPG/master-local2/MC/GeneratorConfig.C:1392:15: error: member access into incomplete type 'AliGenStarLight'
  genStarLight->SetParameter("ETA_MAX      =    5    #Maximum pseudorapidity");
              ^
G__AliStarLight dictionary forward declarations' payload:14:70: note: forward declaration of 'AliGenStarLight'
class __attribute__((annotate("$clingAutoload$AliGenStarLight.h")))  AliGenStarLight;
                                                                     ^
In file included from input_line_105:1:
In file included from /Users/david/alice/sw/osx_arm64/AliDPG/master-local2/MC/Config.C:52:
/Users/david/alice/sw/osx_arm64/AliDPG/master-local2/MC/GeneratorConfig.C:1393:15: error: member access into incomplete type 'AliGenStarLight'
  genStarLight->SetParameter(Form("PROD_MODE    =    %i    #gg or gP switch (1 = 2-photon, 2 = coherent vector meson (narrow), 3 = coherent vector meson (wide), # 4 = incoherent vector meson, 5 = A+A DPMJet single, 6 = A+A DPMJet double, 7 = p+A DPMJet single, 8 = p+A Pythia single )",slConfig[idx].prod_mode));
              ^
G__AliStarLight dictionary forward declarations' payload:14:70: note: forward declaration of 'AliGenStarLight'
class __attribute__((annotate("$clingAutoload$AliGenStarLight.h")))  AliGenStarLight;
                                                                     ^
fatal error: too many errors emitted, stopping now [-ferror-limit=]
E-TInterpreter::AutoParse: Error parsing payload code for class AliGenSLEvtGen with content:

#line 1 "G__AliStarLight dictionary payload"

#ifndef _MODULE_
  #define _MODULE_ "AliStarLight"
#endif
#ifndef ZMQ
  #define ZMQ 1
#endif
#ifndef WITHXML
  #define WITHXML 1
#endif
#ifndef WITHALIEN
  #define WITHALIEN 1
#endif

#define _BACKWARD_BACKWARD_WARNING_H
// Inline headers
#include "/Users/david/alice/sw/SOURCES/AliRoot/0_O2/0/STARLIGHT/starlight/TStarLight/TStarLight.h"
#include "AliGenStarLight.h"
#include "AliDecayerSLEvtGen.h"
#include "AliGenSLEvtGen.h"
#include "AliSLEventHeader.h"

#undef  _BACKWARD_BACKWARD_WARNING_H

In file included from input_line_105:1:
In file included from /Users/david/alice/sw/osx_arm64/AliDPG/master-local2/MC/Config.C:52:
/Users/david/alice/sw/osx_arm64/AliDPG/master-local2/MC/GeneratorConfig.C:1410:35: error: allocation of incomplete type 'AliGenSLEvtGen'
  AliGenSLEvtGen *genEvtGen = new AliGenSLEvtGen();
                                  ^~~~~~~~~~~~~~
G__AliStarLight dictionary forward declarations' payload:16:152: note: forward declaration of 'AliGenSLEvtGen'
class __attribute__((annotate(R"ATTRDUMP(AliGenerator interface to SLEvtGen)ATTRDUMP"))) __attribute__((annotate("$clingAutoload$AliGenSLEvtGen.h")))  AliGenSLEvtGen;
                                                                                                                                                       ^
In file included from input_line_105:1:
In file included from /Users/david/alice/sw/osx_arm64/AliDPG/master-local2/MC/Config.C:52:
/Users/david/alice/sw/osx_arm64/AliDPG/master-local2/MC/GeneratorConfig.C:1418:12: error: member access into incomplete type 'AliGenSLEvtGen'
  genEvtGen->SetUserDecayTable(gSystem->ExpandPathName(Form("$ALICE_ROOT/STARLIGHT/AliStarLight/DecayTables/%s",decayTable.Data())));
           ^
G__AliStarLight dictionary forward declarations' payload:16:152: note: forward declaration of 'AliGenSLEvtGen'
class __attribute__((annotate(R"ATTRDUMP(AliGenerator interface to SLEvtGen)ATTRDUMP"))) __attribute__((annotate("$clingAutoload$AliGenSLEvtGen.h")))  AliGenSLEvtGen;
                                                                                                                                                       ^
In file included from input_line_105:1:
In file included from /Users/david/alice/sw/osx_arm64/AliDPG/master-local2/MC/Config.C:52:
/Users/david/alice/sw/osx_arm64/AliDPG/master-local2/MC/GeneratorConfig.C:1420:60: error: member access into incomplete type 'AliGenSLEvtGen'
  if      (processConfig.Contains("Psi2s"))       genEvtGen->SetEvtGenPartNumber(100443);
                                                           ^
G__AliStarLight dictionary forward declarations' payload:16:152: note: forward declaration of 'AliGenSLEvtGen'
class __attribute__((annotate(R"ATTRDUMP(AliGenerator interface to SLEvtGen)ATTRDUMP"))) __attribute__((annotate("$clingAutoload$AliGenSLEvtGen.h")))  AliGenSLEvtGen;
                                                                                                                                                       ^
In file included from input_line_105:1:
In file included from /Users/david/alice/sw/osx_arm64/AliDPG/master-local2/MC/Config.C:52:
/Users/david/alice/sw/osx_arm64/AliDPG/master-local2/MC/GeneratorConfig.C:1421:60: error: member access into incomplete type 'AliGenSLEvtGen'
  else if (processConfig.Contains("RhoPrime"))    genEvtGen->SetEvtGenPartNumber(30113);
                                                           ^
G__AliStarLight dictionary forward declarations' payload:16:152: note: forward declaration of 'AliGenSLEvtGen'
class __attribute__((annotate(R"ATTRDUMP(AliGenerator interface to SLEvtGen)ATTRDUMP"))) __attribute__((annotate("$clingAutoload$AliGenSLEvtGen.h")))  AliGenSLEvtGen;
                                                                                                                                                       ^
In file included from input_line_105:1:
In file included from /Users/david/alice/sw/osx_arm64/AliDPG/master-local2/MC/Config.C:52:
/Users/david/alice/sw/osx_arm64/AliDPG/master-local2/MC/GeneratorConfig.C:1422:60: error: member access into incomplete type 'AliGenSLEvtGen'
  else if (processConfig.Contains("OmegaTo3Pi"))  genEvtGen->SetEvtGenPartNumber(223);
                                                           ^
G__AliStarLight dictionary forward declarations' payload:16:152: note: forward declaration of 'AliGenSLEvtGen'
class __attribute__((annotate(R"ATTRDUMP(AliGenerator interface to SLEvtGen)ATTRDUMP"))) __attribute__((annotate("$clingAutoload$AliGenSLEvtGen.h")))  AliGenSLEvtGen;
                                                                                                                                                       ^
In file included from input_line_105:1:
In file included from /Users/david/alice/sw/osx_arm64/AliDPG/master-local2/MC/Config.C:52:
/Users/david/alice/sw/osx_arm64/AliDPG/master-local2/MC/GeneratorConfig.C:1423:60: error: member access into incomplete type 'AliGenSLEvtGen'
  else if (processConfig.Contains("JpsiToElRad")) genEvtGen->SetEvtGenPartNumber(443);
                                                           ^
G__AliStarLight dictionary forward declarations' payload:16:152: note: forward declaration of 'AliGenSLEvtGen'
class __attribute__((annotate(R"ATTRDUMP(AliGenerator interface to SLEvtGen)ATTRDUMP"))) __attribute__((annotate("$clingAutoload$AliGenSLEvtGen.h")))  AliGenSLEvtGen;
                                                                                                                                                       ^
In file included from input_line_105:1:
In file included from /Users/david/alice/sw/osx_arm64/AliDPG/master-local2/MC/Config.C:52:
/Users/david/alice/sw/osx_arm64/AliDPG/master-local2/MC/GeneratorConfig.C:1425:12: error: member access into incomplete type 'AliGenSLEvtGen'
  genEvtGen->SetPolarization(1);           // Set polarization: transversal(1),longitudinal(-1),unpolarized(0)
           ^
G__AliStarLight dictionary forward declarations' payload:16:152: note: forward declaration of 'AliGenSLEvtGen'
class __attribute__((annotate(R"ATTRDUMP(AliGenerator interface to SLEvtGen)ATTRDUMP"))) __attribute__((annotate("$clingAutoload$AliGenSLEvtGen.h")))  AliGenSLEvtGen;
                                                                                                                                                       ^
In file included from input_line_105:1:
In file included from /Users/david/alice/sw/osx_arm64/AliDPG/master-local2/MC/Config.C:52:
/Users/david/alice/sw/osx_arm64/AliDPG/master-local2/MC/GeneratorConfig.C:1428:29: error: cannot initialize a parameter of type 'AliGenerator *' with an lvalue of type 'AliGenStarLight *'
  genCocktail->AddGenerator(genStarLight,"StarLight",1.);
                            ^~~~~~~~~~~~
/Users/david/alice/sw/osx_arm64/AliRoot/0_O2-local1/include/AliGenCocktail.h:39:22: note: passing argument to parameter 'Generator' here
      (AliGenerator *Generator, const char* Name, Float_t RateExp, TFormula* formula = 0, Int_t ntimes = 1);
                     ^
In file included from input_line_105:1:
In file included from /Users/david/alice/sw/osx_arm64/AliDPG/master-local2/MC/Config.C:52:
/Users/david/alice/sw/osx_arm64/AliDPG/master-local2/MC/GeneratorConfig.C:1429:29: error: cannot initialize a parameter of type 'AliGenerator *' with an lvalue of type 'AliGenSLEvtGen *'
  genCocktail->AddGenerator(genEvtGen,"EvtGen",1.);
                            ^~~~~~~~~
/Users/david/alice/sw/osx_arm64/AliRoot/0_O2-local1/include/AliGenCocktail.h:39:22: note: passing argument to parameter 'Generator' here
      (AliGenerator *Generator, const char* Name, Float_t RateExp, TFormula* formula = 0, Int_t ntimes = 1);
                     ^
In file included from input_line_105:1:
In file included from /Users/david/alice/sw/osx_arm64/AliDPG/master-local2/MC/Config.C:52:
/Users/david/alice/sw/osx_arm64/AliDPG/master-local2/MC/GeneratorConfig.C:1456:3: error: unknown type name 'AliGenDRgen'
  AliGenDRgen* gener = new AliGenDRgen();
  ^
/Users/david/alice/sw/osx_arm64/AliDPG/master-local2/MC/GeneratorConfig.C:1456:28: error: unknown type name 'AliGenDRgen'
  AliGenDRgen* gener = new AliGenDRgen();
                           ^
/Users/david/alice/sw/osx_arm64/AliDPG/master-local2/MC/GeneratorConfig.C:1503:3: error: unknown type name 'AliGenAmpt'
  AliGenAmpt *genHi = new AliGenAmpt(-1);
  ^
/Users/david/alice/sw/osx_arm64/AliDPG/master-local2/MC/GeneratorConfig.C:1503:27: error: unknown type name 'AliGenAmpt'
  AliGenAmpt *genHi = new AliGenAmpt(-1);
                          ^
E-TInterpreter::AutoParse: Error parsing payload code for class AliGenEvtGen with content:

#line 1 "G__TEvtGen dictionary payload"

#ifndef _MODULE_
  #define _MODULE_ "TEvtGen"
#endif
#ifndef ZMQ
  #define ZMQ 1
#endif
#ifndef WITHXML
  #define WITHXML 1
#endif
#ifndef WITHALIEN
  #define WITHALIEN 1
#endif

#define _BACKWARD_BACKWARD_WARNING_H
// Inline headers
#include "AliDecayerEvtGen.h"
#include "AliGenEvtGen.h"

#undef  _BACKWARD_BACKWARD_WARNING_H

/Users/david/alice/sw/osx_arm64/AliDPG/master-local2/MC/GeneratorConfig.C:1714:28: error: allocation of incomplete type 'AliGenEvtGen'
  AliGenEvtGen *gene = new AliGenEvtGen();
                           ^~~~~~~~~~~~
G__TEvtGen dictionary forward declarations' payload:6:148: note: forward declaration of 'AliGenEvtGen'
class __attribute__((annotate(R"ATTRDUMP(AliGenerator interface to EvtGen)ATTRDUMP"))) __attribute__((annotate("$clingAutoload$AliGenEvtGen.h")))  AliGenEvtGen;
                                                                                                                                                   ^
In file included from input_line_105:1:
In file included from /Users/david/alice/sw/osx_arm64/AliDPG/master-local2/MC/Config.C:52:
/Users/david/alice/sw/osx_arm64/AliDPG/master-local2/MC/GeneratorConfig.C:1715:7: error: member access into incomplete type 'AliGenEvtGen'
  gene->SetUserDecayTable(gSystem->ExpandPathName("$ALIDPG_ROOT/MC/CustomDecayTables/JPSIETACTOPROT.DEC"));
      ^
G__TEvtGen dictionary forward declarations' payload:6:148: note: forward declaration of 'AliGenEvtGen'
class __attribute__((annotate(R"ATTRDUMP(AliGenerator interface to EvtGen)ATTRDUMP"))) __attribute__((annotate("$clingAutoload$AliGenEvtGen.h")))  AliGenEvtGen;
                                                                                                                                                   ^
In file included from input_line_105:1:
In file included from /Users/david/alice/sw/osx_arm64/AliDPG/master-local2/MC/Config.C:52:
/Users/david/alice/sw/osx_arm64/AliDPG/master-local2/MC/GeneratorConfig.C:1716:7: error: member access into incomplete type 'AliGenEvtGen'
  gene->SetParticleSwitchedOff(AliGenEvtGen::kCharmPart);
      ^
G__TEvtGen dictionary forward declarations' payload:6:148: note: forward declaration of 'AliGenEvtGen'
class __attribute__((annotate(R"ATTRDUMP(AliGenerator interface to EvtGen)ATTRDUMP"))) __attribute__((annotate("$clingAutoload$AliGenEvtGen.h")))  AliGenEvtGen;
                                                                                                                                                   ^
In file included from input_line_105:1:
In file included from /Users/david/alice/sw/osx_arm64/AliDPG/master-local2/MC/Config.C:52:
/Users/david/alice/sw/osx_arm64/AliDPG/master-local2/MC/GeneratorConfig.C:1720:23: error: cannot initialize a parameter of type 'AliGenerator *' with an lvalue of type 'AliGenEvtGen *'
  gener->AddGenerator(gene, "EvtGen", 1.);
                      ^~~~
/Users/david/alice/sw/osx_arm64/AliRoot/0_O2-local1/include/AliGenCocktail.h:39:22: note: passing argument to parameter 'Generator' here
      (AliGenerator *Generator, const char* Name, Float_t RateExp, TFormula* formula = 0, Int_t ntimes = 1);
                     ^
In file included from input_line_105:1:
In file included from /Users/david/alice/sw/osx_arm64/AliDPG/master-local2/MC/Config.C:52:
/Users/david/alice/sw/osx_arm64/AliDPG/master-local2/MC/GeneratorConfig.C:1777:27: error: allocation of incomplete type 'AliGenEvtGen'
        AliGenEvtGen *gene = new AliGenEvtGen();
                                 ^~~~~~~~~~~~
G__TEvtGen dictionary forward declarations' payload:6:148: note: forward declaration of 'AliGenEvtGen'
class __attribute__((annotate(R"ATTRDUMP(AliGenerator interface to EvtGen)ATTRDUMP"))) __attribute__((annotate("$clingAutoload$AliGenEvtGen.h")))  AliGenEvtGen;
                                                                                                                                                   ^
In file included from input_line_105:1:
In file included from /Users/david/alice/sw/osx_arm64/AliDPG/master-local2/MC/Config.C:52:
/Users/david/alice/sw/osx_arm64/AliDPG/master-local2/MC/GeneratorConfig.C:1778:13: error: member access into incomplete type 'AliGenEvtGen'
        gene->SetUserDecayTable(gSystem->ExpandPathName("$ALIDPG_ROOT/MC/CustomDecayTables/BTOJPSITOLLBAR.DEC"));
            ^
G__TEvtGen dictionary forward declarations' payload:6:148: note: forward declaration of 'AliGenEvtGen'
class __attribute__((annotate(R"ATTRDUMP(AliGenerator interface to EvtGen)ATTRDUMP"))) __attribute__((annotate("$clingAutoload$AliGenEvtGen.h")))  AliGenEvtGen;
                                                                                                                                                   ^
In file included from input_line_105:1:
In file included from /Users/david/alice/sw/osx_arm64/AliDPG/master-local2/MC/Config.C:52:
/Users/david/alice/sw/osx_arm64/AliDPG/master-local2/MC/GeneratorConfig.C:1780:26: error: member access into incomplete type 'AliGenEvtGen'
        if(useEvtGenForB) gene->SetParticleSwitchedOff(AliGenEvtGen::kHFPart);
                              ^
G__TEvtGen dictionary forward declarations' payload:6:148: note: forward declaration of 'AliGenEvtGen'
class __attribute__((annotate(R"ATTRDUMP(AliGenerator interface to EvtGen)ATTRDUMP"))) __attribute__((annotate("$clingAutoload$AliGenEvtGen.h")))  AliGenEvtGen;
                                                                                                                                                   ^
In file included from input_line_105:1:
In file included from /Users/david/alice/sw/osx_arm64/AliDPG/master-local2/MC/Config.C:52:
/Users/david/alice/sw/osx_arm64/AliDPG/master-local2/MC/GeneratorConfig.C:1781:13: error: member access into incomplete type 'AliGenEvtGen'
        else gene->SetParticleSwitchedOff(AliGenEvtGen::kCharmPart);
                 ^
G__TEvtGen dictionary forward declarations' payload:6:148: note: forward declaration of 'AliGenEvtGen'
class __attribute__((annotate(R"ATTRDUMP(AliGenerator interface to EvtGen)ATTRDUMP"))) __attribute__((annotate("$clingAutoload$AliGenEvtGen.h")))  AliGenEvtGen;
                                                                                                                                                   ^
In file included from input_line_105:1:
In file included from /Users/david/alice/sw/osx_arm64/AliDPG/master-local2/MC/Config.C:52:
/Users/david/alice/sw/osx_arm64/AliDPG/master-local2/MC/GeneratorConfig.C:1785:24: error: cannot initialize a parameter of type 'AliGenerator *' with an lvalue of type 'AliGenEvtGen *'
        gener->AddGenerator(gene, "EvtGen", 1.);
                            ^~~~
/Users/david/alice/sw/osx_arm64/AliRoot/0_O2-local1/include/AliGenCocktail.h:39:22: note: passing argument to parameter 'Generator' here
      (AliGenerator *Generator, const char* Name, Float_t RateExp, TFormula* formula = 0, Int_t ntimes = 1);
                     ^
In file included from input_line_105:1:
In file included from /Users/david/alice/sw/osx_arm64/AliDPG/master-local2/MC/Config.C:52:
/Users/david/alice/sw/osx_arm64/AliDPG/master-local2/MC/GeneratorConfig.C:1877:28: error: allocation of incomplete type 'AliGenEvtGen'
  AliGenEvtGen *gene = new AliGenEvtGen();
                           ^~~~~~~~~~~~
G__TEvtGen dictionary forward declarations' payload:6:148: note: forward declaration of 'AliGenEvtGen'
class __attribute__((annotate(R"ATTRDUMP(AliGenerator interface to EvtGen)ATTRDUMP"))) __attribute__((annotate("$clingAutoload$AliGenEvtGen.h")))  AliGenEvtGen;
                                                                                                                                                   ^
In file included from input_line_105:1:
In file included from /Users/david/alice/sw/osx_arm64/AliDPG/master-local2/MC/Config.C:52:
/Users/david/alice/sw/osx_arm64/AliDPG/master-local2/MC/GeneratorConfig.C:1878:7: error: member access into incomplete type 'AliGenEvtGen'
  gene->SetForceDecay(kBJpsiDiElectron);
      ^
G__TEvtGen dictionary forward declarations' payload:6:148: note: forward declaration of 'AliGenEvtGen'
class __attribute__((annotate(R"ATTRDUMP(AliGenerator interface to EvtGen)ATTRDUMP"))) __attribute__((annotate("$clingAutoload$AliGenEvtGen.h")))  AliGenEvtGen;
                                                                                                                                                   ^
In file included from input_line_105:1:
In file included from /Users/david/alice/sw/osx_arm64/AliDPG/master-local2/MC/Config.C:52:
/Users/david/alice/sw/osx_arm64/AliDPG/master-local2/MC/GeneratorConfig.C:1879:25: error: member access into incomplete type 'AliGenEvtGen'
  if(useEvtGenForB) gene->SetParticleSwitchedOff(AliGenEvtGen::kHFPart);
                        ^
G__TEvtGen dictionary forward declarations' payload:6:148: note: forward declaration of 'AliGenEvtGen'
class __attribute__((annotate(R"ATTRDUMP(AliGenerator interface to EvtGen)ATTRDUMP"))) __attribute__((annotate("$clingAutoload$AliGenEvtGen.h")))  AliGenEvtGen;
                                                                                                                                                   ^
In file included from input_line_105:1:
In file included from /Users/david/alice/sw/osx_arm64/AliDPG/master-local2/MC/Config.C:52:
/Users/david/alice/sw/osx_arm64/AliDPG/master-local2/MC/GeneratorConfig.C:1880:12: error: member access into incomplete type 'AliGenEvtGen'
  else gene->SetParticleSwitchedOff(AliGenEvtGen::kCharmPart);
           ^
G__TEvtGen dictionary forward declarations' payload:6:148: note: forward declaration of 'AliGenEvtGen'
class __attribute__((annotate(R"ATTRDUMP(AliGenerator interface to EvtGen)ATTRDUMP"))) __attribute__((annotate("$clingAutoload$AliGenEvtGen.h")))  AliGenEvtGen;
                                                                                                                                                   ^
In file included from input_line_105:1:
In file included from /Users/david/alice/sw/osx_arm64/AliDPG/master-local2/MC/Config.C:52:
/Users/david/alice/sw/osx_arm64/AliDPG/master-local2/MC/GeneratorConfig.C:1886:23: error: cannot initialize a parameter of type 'AliGenerator *' with an lvalue of type 'AliGenEvtGen *'
  gener->AddGenerator(gene, "EvtGen", 1.);
                      ^~~~
/Users/david/alice/sw/osx_arm64/AliRoot/0_O2-local1/include/AliGenCocktail.h:39:22: note: passing argument to parameter 'Generator' here
      (AliGenerator *Generator, const char* Name, Float_t RateExp, TFormula* formula = 0, Int_t ntimes = 1);
                     ^
In file included from input_line_105:1:
In file included from /Users/david/alice/sw/osx_arm64/AliDPG/master-local2/MC/Config.C:52:
/Users/david/alice/sw/osx_arm64/AliDPG/master-local2/MC/GeneratorConfig.C:1991:3: error: unknown type name 'AliGenQEDBg'
  AliGenQEDBg *genBg = new AliGenQEDBg();
  ^
/Users/david/alice/sw/osx_arm64/AliDPG/master-local2/MC/GeneratorConfig.C:1991:28: error: unknown type name 'AliGenQEDBg'
  AliGenQEDBg *genBg = new AliGenQEDBg();
                           ^
E-TInterpreter::AutoParse: Error parsing payload code for class TGeant3TGeo with content:

#line 1 "libgeant321 dictionary payload"


#define _BACKWARD_BACKWARD_WARNING_H
// Inline headers
#include "TCallf77.h"
#include "TG3Application.h"
#include "TGeant3f77.h"
#include "TGeant3gu.h"
#include "TGeant3.h"
#include "TGeant3TGeo.h"

#undef  _BACKWARD_BACKWARD_WARNING_H

In file included from input_line_105:1:
/Users/david/alice/sw/osx_arm64/AliDPG/master-local2/MC/Config.C:122:34: error: allocation of incomplete type 'TGeant3TGeo'
  if (!isGeant4 && !isFluka) new TGeant3TGeo("C++ Interface to Geant3");
                                 ^~~~~~~~~~~
libgeant321 dictionary forward declarations' payload:8:176: note: forward declaration of 'TGeant3TGeo'
class __attribute__((annotate(R"ATTRDUMP(C++ interface to Geant basic routines with the TGeo interface)ATTRDUMP"))) __attribute__((annotate("$clingAutoload$TGeant3TGeo.h")))  TGeant3TGeo;
                                                                                                                                                                               ^
In file included from G__AliStarLight dictionary payload:17:
In file included from /Users/david/alice/sw/SOURCES/AliRoot/0_O2/0/STARLIGHT/starlight/TStarLight/TStarLight.h:36:
In file included from /Users/david/alice/sw/osx_arm64/AliRoot/0_O2-local1/include/starlight.h:41:
In file included from /Users/david/alice/sw/osx_arm64/AliRoot/0_O2-local1/include/eventchannel.h:40:
In file included from /Users/david/alice/sw/osx_arm64/AliRoot/0_O2-local1/include/readinluminosity.h:38:
In file included from /Users/david/alice/sw/osx_arm64/AliRoot/0_O2-local1/include/inputParameters.h:39:
In file included from /Users/david/alice/sw/osx_arm64/AliRoot/0_O2-local1/include/inputParser.h:42:
/Users/david/alice/sw/osx_arm64/AliRoot/0_O2-local1/include/reportingUtils.h:127:1: error: redefinition of 'operator<<'
operator << (std::ostream&         out,
^
/Users/david/alice/sw/osx_arm64/AliRoot/0_O2-local1/include/reportingUtils.h:127:1: note: previous definition is here
operator << (std::ostream&         out,
^
In module 'std' imported from input_line_1:1:
/Library/Developer/CommandLineTools/SDKs/MacOSX.sdk/usr/include/c++/v1/__iterator/wrap_iter.h:207:18: error: invalid operands to binary expression ('const __wrap_iter<const parameterbase *const *>' and 'const __wrap_iter<const parameterbase *const *>')
    return !(__x == __y);
             ~~~ ^  ~~~
/Users/david/alice/sw/osx_arm64/AliRoot/0_O2-local1/include/inputParameters.h:73:92: note: in instantiation of function template specialization 'std::__1::operator!=<const parameterbase *const *>' requested here
    for (std::vector<const parameterbase* >::const_iterator i=_pv.begin(), end=_pv.end(); i!=end; ++i) {
                                                                                           ^
/Library/Developer/CommandLineTools/SDKs/MacOSX.sdk/usr/include/c++/v1/__variant/monostate.h:43:16: note: candidate function not viable: no known conversion from 'const __wrap_iter<const parameterbase *const *>' to 'std::__1::monostate' for 1st argument
constexpr bool operator==(monostate, monostate) noexcept { return true; }
               ^
/Library/Developer/CommandLineTools/SDKs/MacOSX.sdk/usr/include/c++/v1/system_error:391:1: note: candidate function not viable: no known conversion from 'const __wrap_iter<const parameterbase *const *>' to 'const std::__1::error_code' for 1st argument
operator==(const error_code& __x, const error_code& __y) _NOEXCEPT
^
/Library/Developer/CommandLineTools/SDKs/MacOSX.sdk/usr/include/c++/v1/system_error:398:1: note: candidate function not viable: no known conversion from 'const __wrap_iter<const parameterbase *const *>' to 'const std::__1::error_code' for 1st argument
operator==(const error_code& __x, const error_condition& __y) _NOEXCEPT
^
/Library/Developer/CommandLineTools/SDKs/MacOSX.sdk/usr/include/c++/v1/system_error:406:1: note: candidate function not viable: no known conversion from 'const __wrap_iter<const parameterbase *const *>' to 'const std::__1::error_condition' for 1st argument
operator==(const error_condition& __x, const error_code& __y) _NOEXCEPT
^
/Library/Developer/CommandLineTools/SDKs/MacOSX.sdk/usr/include/c++/v1/system_error:413:1: note: candidate function not viable: no known conversion from 'const __wrap_iter<const parameterbase *const *>' to 'const std::__1::error_condition' for 1st argument
operator==(const error_condition& __x, const error_condition& __y) _NOEXCEPT
^
/Users/david/alice/sw/osx_arm64/ROOT/v6-26-04-patches-alice1-local1/include/TString.h:55:9: note: candidate function not viable: no known conversion from 'const __wrap_iter<const parameterbase *const *>' to 'const TString' for 1st argument
Bool_t  operator==(const TString &s1, const char *s2);
        ^
/Users/david/alice/sw/osx_arm64/ROOT/v6-26-04-patches-alice1-local1/include/TString.h:56:9: note: candidate function not viable: no known conversion from 'const __wrap_iter<const parameterbase *const *>' to 'const TSubString' for 1st argument
Bool_t  operator==(const TSubString &s1, const TSubString &s2);
        ^
/Users/david/alice/sw/osx_arm64/ROOT/v6-26-04-patches-alice1-local1/include/TString.h:57:9: note: candidate function not viable: no known conversion from 'const __wrap_iter<const parameterbase *const *>' to 'const TSubString' for 1st argument
Bool_t  operator==(const TSubString &s1, const TString &s2);
        ^
/Users/david/alice/sw/osx_arm64/ROOT/v6-26-04-patches-alice1-local1/include/TString.h:58:9: note: candidate function not viable: no known conversion from 'const __wrap_iter<const parameterbase *const *>' to 'const TSubString' for 1st argument
Bool_t  operator==(const TSubString &s1, const char *s2);
        ^
/Users/david/alice/sw/osx_arm64/ROOT/v6-26-04-patches-alice1-local1/include/TString.h:757:15: note: candidate function not viable: no known conversion from 'const __wrap_iter<const parameterbase *const *>' to 'const TString' for 1st argument
inline Bool_t operator==(const TString &s1, const TString &s2)
              ^
/Users/david/alice/sw/osx_arm64/ROOT/v6-26-04-patches-alice1-local1/include/TString.h:794:15: note: candidate function not viable: no known conversion from 'const __wrap_iter<const parameterbase *const *>' to 'const char *' for 1st argument
inline Bool_t operator==(const char *s1, const TString &s2)
              ^
/Users/david/alice/sw/osx_arm64/ROOT/v6-26-04-patches-alice1-local1/include/TString.h:816:15: note: candidate function not viable: no known conversion from 'const __wrap_iter<const parameterbase *const *>' to 'const TString' for 1st argument
inline Bool_t operator==(const TString &s1, const TSubString &s2)
              ^
/Users/david/alice/sw/osx_arm64/ROOT/v6-26-04-patches-alice1-local1/include/TString.h:819:15: note: candidate function not viable: no known conversion from 'const __wrap_iter<const parameterbase *const *>' to 'const char *' for 1st argument
inline Bool_t operator==(const char *s1, const TSubString &s2)
              ^
/Users/david/alice/sw/osx_arm64/ROOT/v6-26-04-patches-alice1-local1/include/TString.h:839:15: note: candidate function not viable: no known conversion from 'const __wrap_iter<const parameterbase *const *>' to 'const char *' for 1st argument
inline Bool_t operator==(const char *s1, const std::string_view &s2)
              ^
/Users/david/alice/sw/osx_arm64/ROOT/v6-26-04-patches-alice1-local1/include/TString.h:844:15: note: candidate function not viable: no known conversion from 'const __wrap_iter<const parameterbase *const *>' to 'const std::string_view' (aka 'const basic_string_view<char>') for 1st argument
inline Bool_t operator==(const std::string_view &s1, const char *s2)
              ^
/Users/david/alice/sw/osx_arm64/ROOT/v6-26-04-patches-alice1-local1/include/TList.h:233:13: note: candidate function not viable: no known conversion from 'const __wrap_iter<const parameterbase *const *>' to 'TObjOptLink *' for 1st argument
inline bool operator==(TObjOptLink *l, const std::shared_ptr<TObjLink> &r) {
            ^
/Users/david/alice/sw/osx_arm64/ROOT/v6-26-04-patches-alice1-local1/include/TList.h:237:13: note: candidate function not viable: no known conversion from 'const __wrap_iter<const parameterbase *const *>' to 'const std::shared_ptr<TObjLink>' for 1st argument
inline bool operator==(const std::shared_ptr<TObjLink> &l, TObjOptLink *r) {
            ^
/Users/david/alice/sw/osx_arm64/ROOT/v6-26-04-patches-alice1-local1/include/TDatime.h:102:15: note: candidate function not viable: no known conversion from 'const __wrap_iter<const parameterbase *const *>' to 'const TDatime' for 1st argument
inline Bool_t operator==(const TDatime &d1, const TDatime &d2)
              ^
/Users/david/alice/sw/osx_arm64/ROOT/v6-26-04-patches-alice1-local1/include/TUUID.h:97:15: note: candidate function not viable: no known conversion from 'const __wrap_iter<const parameterbase *const *>' to 'const TUUID' for 1st argument
inline Bool_t operator==(const TUUID &u1, const TUUID &u2)
              ^
/Users/david/alice/sw/osx_arm64/ROOT/v6-26-04-patches-alice1-local1/include/TMD5.h:41:8: note: candidate function not viable: no known conversion from 'const __wrap_iter<const parameterbase *const *>' to 'const TMD5' for 1st argument
Bool_t operator==(const TMD5 &m1, const TMD5 &m2);
       ^
/Users/david/alice/sw/osx_arm64/ROOT/v6-26-04-patches-alice1-local1/include/TPoint.h:55:13: note: candidate function not viable: no known conversion from 'const __wrap_iter<const parameterbase *const *>' to 'const TPoint' for 1st argument
inline bool operator==(const TPoint& p1, const TPoint& p2)
            ^
/Users/david/alice/sw/osx_arm64/ROOT/v6-26-04-patches-alice1-local1/include/TTime.h:90:15: note: candidate function not viable: no known conversion from 'const __wrap_iter<const parameterbase *const *>' to 'const TTime' for 1st argument
inline Bool_t operator== (const TTime &t1, const TTime &t2)
              ^
/Users/david/alice/sw/osx_arm64/ROOT/v6-26-04-patches-alice1-local1/include/TTimeStamp.h:181:15: note: candidate function not viable: no known conversion from 'const __wrap_iter<const parameterbase *const *>' to 'const TTimeStamp' for 1st argument
inline Bool_t operator==(const TTimeStamp &lhs, const TTimeStamp &rhs)
              ^
/Users/david/alice/sw/osx_arm64/ROOT/v6-26-04-patches-alice1-local1/include/TUri.h:32:9: note: candidate function not viable: no known conversion from 'const __wrap_iter<const parameterbase *const *>' to 'const TUri' for 1st argument
Bool_t  operator==(const TUri &u1, const TUri &u2);
        ^
/Users/david/alice/sw/osx_arm64/ROOT/v6-26-04-patches-alice1-local1/include/TQueryResult.h:38:8: note: candidate function not viable: no known conversion from 'const __wrap_iter<const parameterbase *const *>' to 'const TQueryResult' for 1st argument
Bool_t operator==(const TQueryResult &qr1, const TQueryResult &qr2);
       ^
/Users/david/alice/sw/osx_arm64/ROOT/v6-26-04-patches-alice1-local1/include/TEveUtil.h:98:6: note: candidate function not viable: no known conversion from 'const __wrap_iter<const parameterbase *const *>' to 'const TString' for 1st argument
bool operator==(const TString& t, const std::string& s);
     ^
/Users/david/alice/sw/osx_arm64/ROOT/v6-26-04-patches-alice1-local1/include/TEveUtil.h:99:6: note: candidate function not viable: no known conversion from 'const __wrap_iter<const parameterbase *const *>' to 'const std::string' (aka 'const basic_string<char, char_traits<char>, allocator<char> >') for 1st argument
bool operator==(const std::string& s, const TString& t);
     ^
/Library/Developer/CommandLineTools/SDKs/MacOSX.sdk/usr/include/c++/v1/__iterator/wrap_iter.h:169:6: note: candidate template ignored: deduced type 'const __wrap_iter<...>' of 1st parameter does not match adjusted type 'const __wrap_iter<...>' of argument [with _Iter1 = const parameterbase *const *]
bool operator==(const __wrap_iter<_Iter1>& __x, const __wrap_iter<_Iter1>& __y) _NOEXCEPT
     ^
/Library/Developer/CommandLineTools/SDKs/MacOSX.sdk/usr/include/c++/v1/__iterator/wrap_iter.h:176:6: note: candidate template ignored: deduced type 'const __wrap_iter<...>' of 1st parameter does not match adjusted type 'const __wrap_iter<...>' of argument [with _Iter1 = const parameterbase *const *, _Iter2 = const parameterbase *const *]
bool operator==(const __wrap_iter<_Iter1>& __x, const __wrap_iter<_Iter2>& __y) _NOEXCEPT
     ^
/Library/Developer/CommandLineTools/SDKs/MacOSX.sdk/usr/include/c++/v1/__utility/pair.h:321:1: note: candidate template ignored: could not match 'pair' against '__wrap_iter'
operator==(const pair<_T1,_T2>& __x, const pair<_T1,_T2>& __y)
^
/Library/Developer/CommandLineTools/SDKs/MacOSX.sdk/usr/include/c++/v1/tuple:1297:1: note: candidate template ignored: could not match 'tuple' against '__wrap_iter'
operator==(const tuple<_Tp...>& __x, const tuple<_Up...>& __y)
^
/Library/Developer/CommandLineTools/SDKs/MacOSX.sdk/usr/include/c++/v1/__memory/allocator.h:244:6: note: candidate template ignored: could not match 'allocator' against '__wrap_iter'
bool operator==(const allocator<_Tp>&, const allocator<_Up>&) _NOEXCEPT {return true;}
     ^
/Library/Developer/CommandLineTools/SDKs/MacOSX.sdk/usr/include/c++/v1/__memory/unique_ptr.h:572:1: note: candidate template ignored: could not match 'unique_ptr' against '__wrap_iter'
operator==(const unique_ptr<_T1, _D1>& __x, const unique_ptr<_T2, _D2>& __y) {return __x.get() == __y.get();}
^
/Library/Developer/CommandLineTools/SDKs/MacOSX.sdk/usr/include/c++/v1/__memory/unique_ptr.h:608:1: note: candidate template ignored: could not match 'unique_ptr' against '__wrap_iter'
operator==(const unique_ptr<_T1, _D1>& __x, nullptr_t) _NOEXCEPT
^
/Library/Developer/CommandLineTools/SDKs/MacOSX.sdk/usr/include/c++/v1/__memory/unique_ptr.h:616:1: note: candidate template ignored: could not match 'unique_ptr' against '__wrap_iter'
operator==(nullptr_t, const unique_ptr<_T1, _D1>& __x) _NOEXCEPT
^
/Library/Developer/CommandLineTools/SDKs/MacOSX.sdk/usr/include/c++/v1/__memory/shared_ptr.h:1121:1: note: candidate template ignored: could not match 'shared_ptr' against '__wrap_iter'
operator==(const shared_ptr<_Tp>& __x, const shared_ptr<_Up>& __y) _NOEXCEPT
^
/Library/Developer/CommandLineTools/SDKs/MacOSX.sdk/usr/include/c++/v1/__memory/shared_ptr.h:1175:1: note: candidate template ignored: could not match 'shared_ptr' against '__wrap_iter'
operator==(const shared_ptr<_Tp>& __x, nullptr_t) _NOEXCEPT
^
/Library/Developer/CommandLineTools/SDKs/MacOSX.sdk/usr/include/c++/v1/__memory/shared_ptr.h:1183:1: note: candidate template ignored: could not match 'shared_ptr' against '__wrap_iter'
operator==(nullptr_t, const shared_ptr<_Tp>& __x) _NOEXCEPT
^
/Library/Developer/CommandLineTools/SDKs/MacOSX.sdk/usr/include/c++/v1/variant:1613:16: note: candidate template ignored: could not match 'variant' against '__wrap_iter'
constexpr bool operator==(const variant<_Types...>& __lhs,
               ^
/Library/Developer/CommandLineTools/SDKs/MacOSX.sdk/usr/include/c++/v1/__iterator/istreambuf_iterator.h:96:6: note: candidate template ignored: could not match 'istreambuf_iterator' against '__wrap_iter'
bool operator==(const istreambuf_iterator<_CharT,_Traits>& __a,
     ^
/Library/Developer/CommandLineTools/SDKs/MacOSX.sdk/usr/include/c++/v1/__iterator/istream_iterator.h:84:1: note: candidate template ignored: could not match 'istream_iterator' against '__wrap_iter'
operator==(const istream_iterator<_Tp, _CharT, _Traits, _Distance>& __x,
^
/Library/Developer/CommandLineTools/SDKs/MacOSX.sdk/usr/include/c++/v1/__iterator/move_iterator.h:105:1: note: candidate template ignored: could not match 'move_iterator' against '__wrap_iter'
operator==(const move_iterator<_Iter1>& __x, const move_iterator<_Iter2>& __y)
^
/Library/Developer/CommandLineTools/SDKs/MacOSX.sdk/usr/include/c++/v1/__iterator/reverse_iterator.h:154:1: note: candidate template ignored: could not match 'reverse_iterator' against '__wrap_iter'
operator==(const reverse_iterator<_Iter1>& __x, const reverse_iterator<_Iter2>& __y)
^
/Library/Developer/CommandLineTools/SDKs/MacOSX.sdk/usr/include/c++/v1/__functional/function.h:1215:1: note: candidate template ignored: could not match 'function' against '__wrap_iter'
operator==(const function<_Rp(_ArgTypes...)>& __f, nullptr_t) _NOEXCEPT {return !__f;}
^
/Library/Developer/CommandLineTools/SDKs/MacOSX.sdk/usr/include/c++/v1/__functional/function.h:1220:1: note: candidate template ignored: could not match 'function' against '__wrap_iter'
operator==(nullptr_t, const function<_Rp(_ArgTypes...)>& __f) _NOEXCEPT {return !__f;}
^
/Library/Developer/CommandLineTools/SDKs/MacOSX.sdk/usr/include/c++/v1/string_view:679:6: note: candidate template ignored: could not match 'basic_string_view' against '__wrap_iter'
bool operator==(basic_string_view<_CharT, _Traits> __lhs,
     ^
/Library/Developer/CommandLineTools/SDKs/MacOSX.sdk/usr/include/c++/v1/string_view:688:6: note: candidate template ignored: could not match 'basic_string_view' against '__wrap_iter'
bool operator==(basic_string_view<_CharT, _Traits> __lhs,
     ^
/Library/Developer/CommandLineTools/SDKs/MacOSX.sdk/usr/include/c++/v1/string_view:697:6: note: candidate template ignored: could not match 'basic_string_view' against '__wrap_iter'
bool operator==(typename common_type<basic_string_view<_CharT, _Traits> >::type __lhs,
     ^
/Library/Developer/CommandLineTools/SDKs/MacOSX.sdk/usr/include/c++/v1/string:584:6: note: candidate template ignored: could not match 'fpos' against '__wrap_iter'
bool operator==(const fpos<_StateT>& __x, const fpos<_StateT>& __y)
     ^
/Library/Developer/CommandLineTools/SDKs/MacOSX.sdk/usr/include/c++/v1/string:4068:1: note: candidate template ignored: could not match 'basic_string' against '__wrap_iter'
operator==(const basic_string<_CharT, _Traits, _Allocator>& __lhs,
^
/Library/Developer/CommandLineTools/SDKs/MacOSX.sdk/usr/include/c++/v1/string:4080:1: note: candidate template ignored: could not match 'basic_string' against '__wrap_iter'
operator==(const basic_string<char, char_traits<char>, _Allocator>& __lhs,
^
/Library/Developer/CommandLineTools/SDKs/MacOSX.sdk/usr/include/c++/v1/string:4099:1: note: candidate template ignored: could not match 'const _CharT *' against '__wrap_iter<const parameterbase *const *>'
operator==(const _CharT* __lhs,
^
/Library/Developer/CommandLineTools/SDKs/MacOSX.sdk/usr/include/c++/v1/string:4112:1: note: candidate template ignored: could not match 'basic_string' against '__wrap_iter'
operator==(const basic_string<_CharT,_Traits,_Allocator>& __lhs,
^
/Library/Developer/CommandLineTools/SDKs/MacOSX.sdk/usr/include/c++/v1/complex:744:1: note: candidate template ignored: could not match 'complex' against '__wrap_iter'
operator==(const complex<_Tp>& __x, const complex<_Tp>& __y)
^
/Library/Developer/CommandLineTools/SDKs/MacOSX.sdk/usr/include/c++/v1/complex:752:1: note: candidate template ignored: could not match 'complex' against '__wrap_iter'
operator==(const complex<_Tp>& __x, const _Tp& __y)
^
/Library/Developer/CommandLineTools/SDKs/MacOSX.sdk/usr/include/c++/v1/complex:760:1: note: candidate template ignored: could not match 'complex' against '__wrap_iter'
operator==(const _Tp& __x, const complex<_Tp>& __y)
^
/Library/Developer/CommandLineTools/SDKs/MacOSX.sdk/usr/include/c++/v1/array:370:1: note: candidate template ignored: could not match 'array' against '__wrap_iter'
operator==(const array<_Tp, _Size>& __x, const array<_Tp, _Size>& __y)
^
/Library/Developer/CommandLineTools/SDKs/MacOSX.sdk/usr/include/c++/v1/deque:2973:1: note: candidate template ignored: could not match 'deque' against '__wrap_iter'
operator==(const deque<_Tp, _Allocator>& __x, const deque<_Tp, _Allocator>& __y)
^
/Library/Developer/CommandLineTools/SDKs/MacOSX.sdk/usr/include/c++/v1/stack:253:1: note: candidate template ignored: could not match 'stack' against '__wrap_iter'
operator==(const stack<_Tp, _Container>& __x, const stack<_Tp, _Container>& __y)
^
/Library/Developer/CommandLineTools/SDKs/MacOSX.sdk/usr/include/c++/v1/forward_list:1703:6: note: candidate template ignored: could not match 'forward_list' against '__wrap_iter'
bool operator==(const forward_list<_Tp, _Alloc>& __x,
     ^
/Library/Developer/CommandLineTools/SDKs/MacOSX.sdk/usr/include/c++/v1/list:2422:1: note: candidate template ignored: could not match 'list' against '__wrap_iter'
operator==(const list<_Tp, _Alloc>& __x, const list<_Tp, _Alloc>& __y)
^
/Library/Developer/CommandLineTools/SDKs/MacOSX.sdk/usr/include/c++/v1/optional:1041:1: note: candidate template ignored: could not match 'optional' against '__wrap_iter'
operator==(const optional<_Tp>& __x, const optional<_Up>& __y)
^
/Library/Developer/CommandLineTools/SDKs/MacOSX.sdk/usr/include/c++/v1/optional:1134:1: note: candidate template ignored: could not match 'optional' against '__wrap_iter'
operator==(const optional<_Tp>& __x, nullopt_t) noexcept
^
/Library/Developer/CommandLineTools/SDKs/MacOSX.sdk/usr/include/c++/v1/optional:1142:1: note: candidate template ignored: could not match 'optional' against '__wrap_iter'
operator==(nullopt_t, const optional<_Tp>& __x) noexcept
^
/Library/Developer/CommandLineTools/SDKs/MacOSX.sdk/usr/include/c++/v1/optional:1235:1: note: candidate template ignored: could not match 'optional' against '__wrap_iter'
operator==(const optional<_Tp>& __x, const _Up& __v)
^
/Library/Developer/CommandLineTools/SDKs/MacOSX.sdk/usr/include/c++/v1/optional:1247:1: note: candidate template ignored: could not match 'optional' against '__wrap_iter'
operator==(const _Tp& __v, const optional<_Up>& __x)
^
/Library/Developer/CommandLineTools/SDKs/MacOSX.sdk/usr/include/c++/v1/map:1625:1: note: candidate template ignored: could not match 'map' against '__wrap_iter'
operator==(const map<_Key, _Tp, _Compare, _Allocator>& __x,
^
/Library/Developer/CommandLineTools/SDKs/MacOSX.sdk/usr/include/c++/v1/map:2223:1: note: candidate template ignored: could not match 'multimap' against '__wrap_iter'
operator==(const multimap<_Key, _Tp, _Compare, _Allocator>& __x,
^
/Library/Developer/CommandLineTools/SDKs/MacOSX.sdk/usr/include/c++/v1/vector:3359:1: note: candidate template ignored: could not match 'vector' against '__wrap_iter'
operator==(const vector<_Tp, _Allocator>& __x, const vector<_Tp, _Allocator>& __y)
^
/Library/Developer/CommandLineTools/SDKs/MacOSX.sdk/usr/include/c++/v1/queue:353:1: note: candidate template ignored: could not match 'queue' against '__wrap_iter'
operator==(const queue<_Tp, _Container>& __x,const queue<_Tp, _Container>& __y)
^
/Library/Developer/CommandLineTools/SDKs/MacOSX.sdk/usr/include/c++/v1/random:2489:1: note: candidate template ignored: could not match 'mersenne_twister_engine' against '__wrap_iter'
operator==(const mersenne_twister_engine<_UInt, _Wp, _Np, _Mp, _Rp, _Ap, _Up, _Dp, _Sp,
^
/Library/Developer/CommandLineTools/SDKs/MacOSX.sdk/usr/include/c++/v1/random:2824:1: note: candidate template ignored: could not match 'subtract_with_carry_engine' against '__wrap_iter'
operator==(
^
/Library/Developer/CommandLineTools/SDKs/MacOSX.sdk/usr/include/c++/v1/random:3044:1: note: candidate template ignored: could not match 'discard_block_engine' against '__wrap_iter'
operator==(const discard_block_engine<_Eng, _Pp, _Rp>& __x,
^
/Library/Developer/CommandLineTools/SDKs/MacOSX.sdk/usr/include/c++/v1/random:3297:1: note: candidate template ignored: could not match 'independent_bits_engine' against '__wrap_iter'
operator==(
^
/Library/Developer/CommandLineTools/SDKs/MacOSX.sdk/usr/include/c++/v1/random:3528:1: note: candidate template ignored: could not match 'shuffle_order_engine' against '__wrap_iter'
operator==(
^
/Library/Developer/CommandLineTools/SDKs/MacOSX.sdk/usr/include/c++/v1/regex:4969:1: note: candidate template ignored: could not match 'sub_match' against '__wrap_iter'
operator==(const sub_match<_BiIter>& __x, const sub_match<_BiIter>& __y)
^
/Library/Developer/CommandLineTools/SDKs/MacOSX.sdk/usr/include/c++/v1/regex:5017:1: note: candidate template ignored: could not match 'basic_string' against '__wrap_iter'
operator==(const basic_string<typename iterator_traits<_BiIter>::value_type, _ST, _SA>& __x,
^
/Library/Developer/CommandLineTools/SDKs/MacOSX.sdk/usr/include/c++/v1/regex:5070:1: note: candidate template ignored: could not match 'sub_match' against '__wrap_iter'
operator==(const sub_match<_BiIter>& __x,
^
/Library/Developer/CommandLineTools/SDKs/MacOSX.sdk/usr/include/c++/v1/regex:5123:1: note: candidate template ignored: could not match 'sub_match' against '__wrap_iter'
operator==(typename iterator_traits<_BiIter>::value_type const* __x,
^
/Library/Developer/CommandLineTools/SDKs/MacOSX.sdk/usr/include/c++/v1/regex:5177:1: note: candidate template ignored: could not match 'sub_match' against '__wrap_iter'
operator==(const sub_match<_BiIter>& __x,
^
/Library/Developer/CommandLineTools/SDKs/MacOSX.sdk/usr/include/c++/v1/regex:5231:1: note: candidate template ignored: could not match 'sub_match' against '__wrap_iter'
operator==(typename iterator_traits<_BiIter>::value_type const& __x,
^
/Library/Developer/CommandLineTools/SDKs/MacOSX.sdk/usr/include/c++/v1/regex:5287:1: note: candidate template ignored: could not match 'sub_match' against '__wrap_iter'
operator==(const sub_match<_BiIter>& __x,
^
/Library/Developer/CommandLineTools/SDKs/MacOSX.sdk/usr/include/c++/v1/regex:5690:1: note: candidate template ignored: could not match 'match_results' against '__wrap_iter'
operator==(const match_results<_BidirectionalIterator, _Allocator>& __x,
^
/Library/Developer/CommandLineTools/SDKs/MacOSX.sdk/usr/include/c++/v1/scoped_allocator:655:1: note: candidate template ignored: could not match 'scoped_allocator_adaptor' against '__wrap_iter'
operator==(const scoped_allocator_adaptor<_OuterA1>& __a,
^
/Library/Developer/CommandLineTools/SDKs/MacOSX.sdk/usr/include/c++/v1/scoped_allocator:664:1: note: candidate template ignored: could not match 'scoped_allocator_adaptor' against '__wrap_iter'
operator==(const scoped_allocator_adaptor<_OuterA1, _InnerA0, _InnerAllocs...>& __a,
^
/Library/Developer/CommandLineTools/SDKs/MacOSX.sdk/usr/include/c++/v1/set:918:1: note: candidate template ignored: could not match 'set' against '__wrap_iter'
operator==(const set<_Key, _Compare, _Allocator>& __x,
^
/Library/Developer/CommandLineTools/SDKs/MacOSX.sdk/usr/include/c++/v1/set:1449:1: note: candidate template ignored: could not match 'multiset' against '__wrap_iter'
operator==(const multiset<_Key, _Compare, _Allocator>& __x,
^
/Library/Developer/CommandLineTools/SDKs/MacOSX.sdk/usr/include/c++/v1/unordered_map:1829:1: note: candidate template ignored: could not match 'unordered_map' against '__wrap_iter'
operator==(const unordered_map<_Key, _Tp, _Hash, _Pred, _Alloc>& __x,
^
/Library/Developer/CommandLineTools/SDKs/MacOSX.sdk/usr/include/c++/v1/unordered_map:2562:1: note: candidate template ignored: could not match 'unordered_multimap' against '__wrap_iter'
operator==(const unordered_multimap<_Key, _Tp, _Hash, _Pred, _Alloc>& __x,
^
/Library/Developer/CommandLineTools/SDKs/MacOSX.sdk/usr/include/c++/v1/unordered_set:1081:1: note: candidate template ignored: could not match 'unordered_set' against '__wrap_iter'
operator==(const unordered_set<_Value, _Hash, _Pred, _Alloc>& __x,
^
/Library/Developer/CommandLineTools/SDKs/MacOSX.sdk/usr/include/c++/v1/unordered_set:1747:1: note: candidate template ignored: could not match 'unordered_multiset' against '__wrap_iter'
operator==(const unordered_multiset<_Value, _Hash, _Pred, _Alloc>& __x,
^
/Library/Developer/CommandLineTools/SDKs/MacOSX.sdk/usr/include/c++/v1/valarray:4336:1: note: candidate template ignored: requirement '__is_val_expr<std::__1::__wrap_iter<const parameterbase *const *> >::value' was not satisfied [with _Expr1 = std::__1::__wrap_iter<const parameterbase *const *>, _Expr2 = std::__1::__wrap_iter<const parameterbase *const *>]
operator==(const _Expr1& __x, const _Expr2& __y)
^
/Library/Developer/CommandLineTools/SDKs/MacOSX.sdk/usr/include/c++/v1/valarray:4351:1: note: candidate template ignored: requirement '__is_val_expr<std::__1::__wrap_iter<const parameterbase *const *> >::value' was not satisfied [with _Expr = std::__1::__wrap_iter<const parameterbase *const *>]
operator==(const _Expr& __x, const typename _Expr::value_type& __y)
^
/Library/Developer/CommandLineTools/SDKs/MacOSX.sdk/usr/include/c++/v1/valarray:4367:1: note: candidate template ignored: requirement '__is_val_expr<std::__1::__wrap_iter<const parameterbase *const *> >::value' was not satisfied [with _Expr = std::__1::__wrap_iter<const parameterbase *const *>]
operator==(const typename _Expr::value_type& __x, const _Expr& __y)
^
/Users/david/alice/sw/osx_arm64/ROOT/v6-26-04-patches-alice1-local1/include/ROOT/span.hxx:472:6: note: candidate template ignored: could not match 'span' against '__wrap_iter'
bool operator==(span<T1> const& lhs, span<T2> const& rhs)
     ^
/Users/david/alice/sw/osx_arm64/ROOT/v6-26-04-patches-alice1-local1/include/ROOT/span.hxx:485:6: note: candidate template ignored: could not match 'span' against '__wrap_iter'
bool operator==(span<T> const& lhs, Array const& rhs)
     ^
/Users/david/alice/sw/osx_arm64/ROOT/v6-26-04-patches-alice1-local1/include/ROOT/span.hxx:492:6: note: candidate template ignored: could not match 'span' against '__wrap_iter'
bool operator==(span<T1> const& lhs, T2 const (& rhs)[N])
     ^
/Users/david/alice/sw/osx_arm64/ROOT/v6-26-04-patches-alice1-local1/include/ROOT/span.hxx:518:6: note: candidate template ignored: could not match 'span' against '__wrap_iter'
bool operator==(Array const& lhs, span<T> const& rhs)
     ^
/Users/david/alice/sw/osx_arm64/ROOT/v6-26-04-patches-alice1-local1/include/TMatrixTBase.h:229:33: note: candidate template ignored: could not match 'TMatrixTBase' against '__wrap_iter'
template<class Element> Bool_t  operator==   (const TMatrixTBase<Element>  &m1,const TMatrixTBase<Element>  &m2);
                                ^
/Users/david/alice/sw/osx_arm64/ROOT/v6-26-04-patches-alice1-local1/include/TMatrixTSym.h:240:48: note: candidate template ignored: could not match 'TMatrixTSym' against '__wrap_iter'
template <class Element> Bool_t                operator== (const TMatrixTSym<Element> &source1,const TMatrixTSym<Element>  &source2);
                                               ^
/Users/david/alice/sw/osx_arm64/ROOT/v6-26-04-patches-alice1-local1/include/TVectorT.h:241:45: note: candidate template ignored: could not match 'TVectorT' against '__wrap_iter'
template<class Element> Bool_t              operator==  (const TVectorT      <Element>  &source1,const TVectorT <Element>  &source2);
                                            ^
In file included from G__AliStarLight dictionary payload:17:
In file included from /Users/david/alice/sw/SOURCES/AliRoot/0_O2/0/STARLIGHT/starlight/TStarLight/TStarLight.h:36:
In file included from /Users/david/alice/sw/osx_arm64/AliRoot/0_O2-local1/include/starlight.h:41:
In file included from /Users/david/alice/sw/osx_arm64/AliRoot/0_O2-local1/include/eventchannel.h:40:
In file included from /Users/david/alice/sw/osx_arm64/AliRoot/0_O2-local1/include/readinluminosity.h:38:
/Users/david/alice/sw/osx_arm64/AliRoot/0_O2-local1/include/inputParameters.h:362:45: error: field type 'parameter<unsigned int, true>' is an abstract class
        parameter<unsigned int,VALIDITY_CHECK>     _beam1Z;                  ///< atomic number of beam particle 1
                                                   ^
/Users/david/alice/sw/osx_arm64/AliRoot/0_O2-local1/include/inputParameters.h:51:23: note: unimplemented pure virtual method 'validationkey' in 'parameter'
  virtual std::string validationkey() const = 0;
                      ^
/Users/david/alice/sw/osx_arm64/AliRoot/0_O2-local1/include/inputParameters.h:363:45: error: field type 'parameter<unsigned int, true>' is an abstract class
        parameter<unsigned int,VALIDITY_CHECK>     _beam1A;                  ///< atomic mass number of beam particle 1
                                                   ^
/Users/david/alice/sw/osx_arm64/AliRoot/0_O2-local1/include/inputParameters.h:364:45: error: field type 'parameter<unsigned int, true>' is an abstract class
        parameter<unsigned int,VALIDITY_CHECK>     _beam2Z;                  ///< atomic number of beam particle 2
                                                   ^
/Users/david/alice/sw/osx_arm64/AliRoot/0_O2-local1/include/inputParameters.h:365:45: error: field type 'parameter<unsigned int, true>' is an abstract class
        parameter<unsigned int,VALIDITY_CHECK>     _beam2A;                  ///< atomic mass number of beam particle 2
                                                   ^
/Users/david/alice/sw/osx_arm64/AliRoot/0_O2-local1/include/inputParameters.h:370:45: error: field type 'parameter<unsigned int, true>' is an abstract class
        parameter<unsigned int, VALIDITY_CHECK>    _nmbWBins;                ///< number of W bins in lookup table
                                                   ^
/Users/david/alice/sw/osx_arm64/AliRoot/0_O2-local1/include/inputParameters.h:372:45: error: field type 'parameter<unsigned int, true>' is an abstract class
        parameter<unsigned int, VALIDITY_CHECK>    _nmbRapidityBins;         ///< number of rapidity bins in lookup table
                                                   ^
/Users/david/alice/sw/osx_arm64/AliRoot/0_O2-local1/include/inputParameters.h:373:45: error: field type 'parameter<bool, true>' is an abstract class
        parameter<bool, VALIDITY_CHECK>            _ptCutEnabled;            ///< en/disables cut in pt
                                                   ^
/Users/david/alice/sw/osx_arm64/AliRoot/0_O2-local1/include/inputParameters.h:51:23: note: unimplemented pure virtual method 'validationkey' in 'parameter'
  virtual std::string validationkey() const = 0;
                      ^
/Users/david/alice/sw/osx_arm64/AliRoot/0_O2-local1/include/inputParameters.h:376:45: error: field type 'parameter<bool, true>' is an abstract class
        parameter<bool, VALIDITY_CHECK>            _etaCutEnabled;           ///< en/disables cut in eta
                                                   ^
/Users/david/alice/sw/osx_arm64/AliRoot/0_O2-local1/include/inputParameters.h:379:45: error: field type 'parameter<unsigned int, true>' is an abstract class
        parameter<unsigned int, VALIDITY_CHECK>    _productionMode;          ///< \brief production mode
                                                   ^
/Users/david/alice/sw/osx_arm64/AliRoot/0_O2-local1/include/inputParameters.h:384:45: error: field type 'parameter<unsigned int, true>' is an abstract class
        parameter<unsigned int, VALIDITY_CHECK>    _nmbEventsTot;            ///< total number of events to generate
                                                   ^
/Users/david/alice/sw/osx_arm64/AliRoot/0_O2-local1/include/inputParameters.h:385:45: error: field type 'parameter<unsigned int, true>' is an abstract class
        parameter<unsigned int, VALIDITY_CHECK>    _prodParticleId;          ///< PDG particle ID of produced particle
                                                   ^
/Users/david/alice/sw/osx_arm64/AliRoot/0_O2-local1/include/inputParameters.h:386:45: error: field type 'parameter<unsigned int, true>' is an abstract class
        parameter<unsigned int, VALIDITY_CHECK>    _randomSeed;              ///< seed for random number generator
                                                   ^
/Users/david/alice/sw/osx_arm64/AliRoot/0_O2-local1/include/inputParameters.h:391:45: error: field type 'parameter<unsigned int, true>' is an abstract class
        parameter<unsigned int, VALIDITY_CHECK>    _beamBreakupMode;         ///< \brief breakup mode for beam particles
                                                   ^
/Users/david/alice/sw/osx_arm64/AliRoot/0_O2-local1/include/inputParameters.h:399:45: error: field type 'parameter<bool, true>' is an abstract class
        parameter<bool, VALIDITY_CHECK>            _interferenceEnabled;     ///< if VALIDITY_CHECK, interference is taken into account
                                                   ^
/Users/david/alice/sw/osx_arm64/AliRoot/0_O2-local1/include/inputParameters.h:402:45: error: field type 'parameter<unsigned int, true>' is an abstract class
        parameter<unsigned int, VALIDITY_CHECK>    _nmbPtBinsInterference;   ///< number of p_T bins for interference calculation
                                                   ^
/Users/david/alice/sw/osx_arm64/AliRoot/0_O2-local1/include/inputParameters.h:409:45: error: field type 'parameter<unsigned int, true>' is an abstract class
        parameter<unsigned int, VALIDITY_CHECK>    _xsecCalcMethod;          ///< Select x-sec calc method. (0 is standard starlight method, 1 must be used for assym. collisions (e.g. p-A), but is slow)
                                                   ^
fatal error: too many errors emitted, stopping now [-ferror-limit=]
E-TInterpreter::AutoParse: Error parsing payload code for class inputParameters with content:

#line 1 "G__AliStarLight dictionary payload"

#ifndef _MODULE_
  #define _MODULE_ "AliStarLight"
#endif
#ifndef ZMQ
  #define ZMQ 1
#endif
#ifndef WITHXML
  #define WITHXML 1
#endif
#ifndef WITHALIEN
  #define WITHALIEN 1
#endif

#define _BACKWARD_BACKWARD_WARNING_H
// Inline headers
#include "/Users/david/alice/sw/SOURCES/AliRoot/0_O2/0/STARLIGHT/starlight/TStarLight/TStarLight.h"
#include "AliGenStarLight.h"
#include "AliDecayerSLEvtGen.h"
#include "AliGenSLEvtGen.h"
#include "AliSLEventHeader.h"

#undef  _BACKWARD_BACKWARD_WARNING_H

input_line_156:2:3: error: use of undeclared identifier 'Config'
 (Config())
  ^

 *** Break *** segmentation violation
I-AliCDBManager::Get: Object "GRP/Calib/MeanVertex" retrieved from the snapshot.
I-AliSimulation::RunSimulation: Overwriting Config.C vertex settings !
I-AliSimulation::RunSimulation: Vertex mean position from OCDB entry (GRP/Calib/MeanVertex): x =         0.068, y =         0.368, z =         0.416
[/usr/lib/system/libsystem_platform.dylib] _sigtramp (no debug info)
[/Users/david/alice/sw/osx_arm64/AliRoot/0_O2-local1/lib/libSTEER.so] AliSimulation::RunSimulation(int) (no debug info)
[/Users/david/alice/sw/osx_arm64/AliRoot/0_O2-local1/lib/libSTEER.so] AliSimulation::Run(int) (no debug info)
[<unknown binary>] (no debug info)
[/Users/david/alice/sw/osx_arm64/ROOT/v6-26-04-patches-alice1-local1/lib/libCling.6.26.04.so] cling::IncrementalExecutor::executeWrapper(llvm::StringRef, cling::Value*) const (no debug info)
[/Users/david/alice/sw/osx_arm64/ROOT/v6-26-04-patches-alice1-local1/lib/libCling.6.26.04.so] cling::Interpreter::RunFunction(clang::FunctionDecl const*, cling::Value*) (no debug info)
[/Users/david/alice/sw/osx_arm64/ROOT/v6-26-04-patches-alice1-local1/lib/libCling.6.26.04.so] cling::Interpreter::EvaluateInternal(std::__1::basic_string<char, std::__1::char_traits<char>, std::__1::allocator<char> > const&, cling::CompilationOptions, cling::Value*, cling::Transaction**, unsigned long) (no debug info)
[/Users/david/alice/sw/osx_arm64/ROOT/v6-26-04-patches-alice1-local1/lib/libCling.6.26.04.so] cling::MetaSema::actOnxCommand(llvm::StringRef, llvm::StringRef, cling::Value*) (no debug info)
[/Users/david/alice/sw/osx_arm64/ROOT/v6-26-04-patches-alice1-local1/lib/libCling.6.26.04.so] cling::MetaParser::isXCommand(cling::MetaSema::ActionResult&, cling::Value*) (no debug info)
[/Users/david/alice/sw/osx_arm64/ROOT/v6-26-04-patches-alice1-local1/lib/libCling.6.26.04.so] cling::MetaParser::isCommand(cling::MetaSema::ActionResult&, cling::Value*) (no debug info)
[/Users/david/alice/sw/osx_arm64/ROOT/v6-26-04-patches-alice1-local1/lib/libCling.6.26.04.so] cling::MetaProcessor::process(llvm::StringRef, cling::Interpreter::CompilationResult&, cling::Value*, bool) (no debug info)
[/Users/david/alice/sw/osx_arm64/ROOT/v6-26-04-patches-alice1-local1/lib/libCling.6.26.04.so] HandleInterpreterException(cling::MetaProcessor*, char const*, cling::Interpreter::CompilationResult&, cling::Value*) (no debug info)
[/Users/david/alice/sw/osx_arm64/ROOT/v6-26-04-patches-alice1-local1/lib/libCling.6.26.04.so] TCling::ProcessLine(char const*, TInterpreter::EErrorCode*) (no debug info)
[/Users/david/alice/sw/osx_arm64/ROOT/v6-26-04-patches-alice1-local1/lib/libCling.6.26.04.so] TCling::ProcessLineSynch(char const*, TInterpreter::EErrorCode*) (no debug info)
[/Users/david/alice/sw/osx_arm64/ROOT/v6-26-04-patches-alice1-local1/lib/libCore.6.26.04.so] TApplication::ExecuteFile(char const*, int*, bool) (no debug info)
[/Users/david/alice/sw/osx_arm64/ROOT/v6-26-04-patches-alice1-local1/lib/libRint.6.26.04.so] TRint::ProcessLineNr(char const*, char const*, int*) (no debug info)
[/Users/david/alice/sw/osx_arm64/ROOT/v6-26-04-patches-alice1-local1/lib/libRint.6.26.04.so] TRint::Run(bool) (no debug info)
[/Users/david/alice/sw/osx_arm64/AliRoot/0_O2-local1/bin/aliroot] main (no debug info)
[/usr/lib/dyld] start (no debug info)
